<?xml version="1.0" encoding="UTF-8"?>
<!-- Generated by org.testng.reporters.JUnitReportReporter -->
<testsuite hostname="SANDHIYA" failures="0" tests="1" name="systemTest.Prac" time="12.696" errors="0" timestamp="2025-12-05T16:27:44 IST" skipped="0">
  <testcase classname="systemTest.Prac" name="approveExpenceTest" time="12.696">
    <system-out>
      <![CDATA[Expense Report Submitted Successfully
Expense has Approved and Paid]]>
    </system-out>
  </testcase> <!-- approveExpenceTest -->
  <system-out>
    <![CDATA[---Connect to DB,Report config---
Expense Report Submitted Successfully
Expense has Approved and Paid
---Logout the Application---
---Close the Brower---
---Close DB,Report Backup---]]>
  </system-out>
</testsuite> <!-- systemTest.Prac -->
