<?xml version="1.0" encoding="UTF-8"?>
<!-- Generated by org.testng.reporters.JUnitReportReporter -->
<testsuite hostname="SANDHIYA" failures="0" tests="3" name="integrationTest.HrmIntegrationTest" time="50.791" errors="0" timestamp="2025-12-07T22:02:04 IST" skipped="0">
  <testcase classname="integrationTest.HrmIntegrationTest" name="listOfEmployee" time="22.385">
    <system-out>
      <![CDATA[New employee created successfully
Employee name present in the list of employee names..]]>
    </system-out>
  </testcase> <!-- listOfEmployee -->
  <testcase classname="integrationTest.HrmIntegrationTest" name="employeeApplyLeave" time="21.062">
    <system-out>
      <![CDATA[Employee created successfully
Employee leave applied successfully]]>
    </system-out>
  </testcase> <!-- employeeApplyLeave -->
  <testcase classname="integrationTest.HrmIntegrationTest" name="listOfJobPosition" time="7.344">
    <system-out>
      <![CDATA[Job position created successfully
Created job position is present in list of job position viewed successfully..]]>
    </system-out>
  </testcase> <!-- listOfJobPosition -->
  <system-out>
    <![CDATA[---Connect to DB,Report config---
Employee created successfully
Employee leave applied successfully
---Logout the Application---
New employee created successfully
Employee name present in the list of employee names..
---Logout the Application---
Job position created successfully
Created job position is present in list of job position viewed successfully..
---Logout the Application---
---Close the Brower---
---Close DB,Report Backup---]]>
  </system-out>
</testsuite> <!-- integrationTest.HrmIntegrationTest -->
