<?xml version="1.0" encoding="UTF-8"?>
<!-- Generated by org.testng.reporters.JUnitReportReporter -->
<testsuite hostname="SANDHIYA" failures="0" tests="3" name="smokeTest.HrmSmokeTest" time="49.835" errors="0" timestamp="2025-12-07T22:00:55 IST" skipped="0">
  <testcase classname="smokeTest.HrmSmokeTest" name="CreateJobPositionTest" time="16.524">
    <system-out>
      <![CDATA[Create New Job Position page is displayed successfully]]>
    </system-out>
  </testcase> <!-- CreateJobPositionTest -->
  <testcase classname="smokeTest.HrmSmokeTest" name="createEmployeeTest" time="19.727">
    <system-out>
      <![CDATA[Create New employee page is displayed successfully]]>
    </system-out>
  </testcase> <!-- createEmployeeTest -->
  <testcase classname="smokeTest.HrmSmokeTest" name="leaveRequestTest" time="13.584">
    <system-out>
      <![CDATA[Create New leave request page is displayed successfully]]>
    </system-out>
  </testcase> <!-- leaveRequestTest -->
  <system-out>
    <![CDATA[---Connect to DB,Report config---
Create New Job Position page is displayed successfully
---Logout the Application---
Create New employee page is displayed successfully
---Logout the Application---
Create New leave request page is displayed successfully
---Logout the Application---
---Close the Brower---
---Close DB,Report Backup---]]>
  </system-out>
</testsuite> <!-- smokeTest.HrmSmokeTest -->
