<?xml version="1.0" encoding="UTF-8"?>
<!-- Generated by org.testng.reporters.JUnitReportReporter -->
<testsuite hostname="SANDHIYA" failures="0" tests="3" name="integrationTest.HrmIntegrationTest" time="26.677" errors="0" timestamp="2025-12-05T18:18:01 IST" skipped="0">
  <testcase classname="integrationTest.HrmIntegrationTest" name="listOfJobPosition" time="6.396">
    <system-out>
      <![CDATA[Job position created successfully
Created job position is present in list of job position viewed successfully..]]>
    </system-out>
  </testcase> <!-- listOfJobPosition -->
  <testcase classname="integrationTest.HrmIntegrationTest" name="listOfEmployee" time="5.663">
    <system-out>
      <![CDATA[New employee created successfully
Employee name present in the list of employee names..]]>
    </system-out>
  </testcase> <!-- listOfEmployee -->
  <testcase classname="integrationTest.HrmIntegrationTest" name="employeeApplyLeave" time="14.618">
    <system-out>
      <![CDATA[Employee created successfully
Employee leave applied successfully]]>
    </system-out>
  </testcase> <!-- employeeApplyLeave -->
  <system-out>
    <![CDATA[---Connect to DB,Report config---
Create New Job Position page is displayed successfully
---Logout the Application---
Create New employee page is displayed successfully
---Logout the Application---
Create New leave request page is displayed successfully
---Logout the Application---
---Close the Brower---
Expense Report Submitted Successfully
Expense has Approved and Paid
---Logout the Application---
Employee leave applied successfully
Approved leave message present in employee list
---Logout the Application---
New employee created successfully
Employee name present in the list of employee names..
Employee Record deleted successfully
---Logout the Application---
---Close the Brower---
Employee created successfully
Employee leave applied successfully
---Logout the Application---
New employee created successfully
Employee name present in the list of employee names..
---Logout the Application---
Job position created successfully
Created job position is present in list of job position viewed successfully..
---Logout the Application---
---Close the Brower---
---Close DB,Report Backup---]]>
  </system-out>
</testsuite> <!-- integrationTest.HrmIntegrationTest -->
