<?xml version="1.0" encoding="UTF-8"?>
<!-- Generated by org.testng.reporters.JUnitReportReporter -->
<testsuite hostname="SANDHIYA" failures="0" tests="3" name="systemTest.HrmSystemTest" time="80.146" errors="0" timestamp="2025-12-07T22:03:41 IST" skipped="0">
  <testcase classname="systemTest.HrmSystemTest" name="deleteEmployee" time="14.647">
    <system-out>
      <![CDATA[New employee created successfully
Employee name present in the list of employee names..
Employee Record deleted successfully]]>
    </system-out>
  </testcase> <!-- deleteEmployee -->
  <testcase classname="systemTest.HrmSystemTest" name="approveLeave" time="23.109">
    <system-out>
      <![CDATA[Employee leave applied successfully
Approved leave message present in employee list]]>
    </system-out>
  </testcase> <!-- approveLeave -->
  <testcase classname="systemTest.HrmSystemTest" name="approveExpenceTest" time="42.390">
    <system-out>
      <![CDATA[Expense Report Submitted Successfully
Expense has Approved and Paid]]>
    </system-out>
  </testcase> <!-- approveExpenceTest -->
  <system-out>
    <![CDATA[---Connect to DB,Report config---
Expense Report Submitted Successfully
Expense has Approved and Paid
---Logout the Application---
Employee leave applied successfully
Approved leave message present in employee list
---Logout the Application---
New employee created successfully
Employee name present in the list of employee names..
Employee Record deleted successfully
---Logout the Application---
---Close the Brower---
---Close DB,Report Backup---]]>
  </system-out>
</testsuite> <!-- systemTest.HrmSystemTest -->
