<?xml version="1.0" encoding="UTF-8"?>
<!-- Generated by org.testng.reporters.JUnitReportReporter -->
<testsuite hostname="SANDHIYA" failures="0" tests="3" name="smokeTest.HrmSmokeTest" time="11.802" errors="0" timestamp="2025-12-05T18:18:01 IST" skipped="0">
  <testcase classname="smokeTest.HrmSmokeTest" name="createEmployeeTest" time="3.314">
    <system-out>
      <![CDATA[Create New employee page is displayed successfully]]>
    </system-out>
  </testcase> <!-- createEmployeeTest -->
  <testcase classname="smokeTest.HrmSmokeTest" name="CreateJobPositionTest" time="5.423">
    <system-out>
      <![CDATA[Create New Job Position page is displayed successfully]]>
    </system-out>
  </testcase> <!-- CreateJobPositionTest -->
  <testcase classname="smokeTest.HrmSmokeTest" name="leaveRequestTest" time="3.065">
    <system-out>
      <![CDATA[Create New leave request page is displayed successfully]]>
    </system-out>
  </testcase> <!-- leaveRequestTest -->
  <system-out>
    <![CDATA[---Connect to DB,Report config---
Create New Job Position page is displayed successfully
---Logout the Application---
Create New employee page is displayed successfully
---Logout the Application---
Create New leave request page is displayed successfully
---Logout the Application---
---Close the Brower---
Expense Report Submitted Successfully
Expense has Approved and Paid
---Logout the Application---
Employee leave applied successfully
Approved leave message present in employee list
---Logout the Application---
New employee created successfully
Employee name present in the list of employee names..
Employee Record deleted successfully
---Logout the Application---
---Close the Brower---
Employee created successfully
Employee leave applied successfully
---Logout the Application---
New employee created successfully
Employee name present in the list of employee names..
---Logout the Application---
Job position created successfully
Created job position is present in list of job position viewed successfully..
---Logout the Application---
---Close the Brower---
---Close DB,Report Backup---]]>
  </system-out>
</testsuite> <!-- smokeTest.HrmSmokeTest -->
