<?xml version="1.0" encoding="UTF-8"?>
<!-- Generated by org.testng.reporters.JUnitReportReporter -->
<testsuite hostname="SANDHIYA" failures="0" tests="3" name="systemTest.HrmSystemTest" time="36.540" errors="0" timestamp="2025-12-05T18:18:01 IST" skipped="0">
  <testcase classname="systemTest.HrmSystemTest" name="approveLeave" time="10.778">
    <system-out>
      <![CDATA[Employee leave applied successfully
Approved leave message present in employee list]]>
    </system-out>
  </testcase> <!-- approveLeave -->
  <testcase classname="systemTest.HrmSystemTest" name="deleteEmployee" time="11.832">
    <system-out>
      <![CDATA[New employee created successfully
Employee name present in the list of employee names..
Employee Record deleted successfully]]>
    </system-out>
  </testcase> <!-- deleteEmployee -->
  <testcase classname="systemTest.HrmSystemTest" name="approveExpenceTest" time="13.930">
    <system-out>
      <![CDATA[Expense Report Submitted Successfully
Expense has Approved and Paid]]>
    </system-out>
  </testcase> <!-- approveExpenceTest -->
  <system-out>
    <![CDATA[---Connect to DB,Report config---
Create New Job Position page is displayed successfully
---Logout the Application---
Create New employee page is displayed successfully
---Logout the Application---
Create New leave request page is displayed successfully
---Logout the Application---
---Close the Brower---
Expense Report Submitted Successfully
Expense has Approved and Paid
---Logout the Application---
Employee leave applied successfully
Approved leave message present in employee list
---Logout the Application---
New employee created successfully
Employee name present in the list of employee names..
Employee Record deleted successfully
---Logout the Application---
---Close the Brower---
Employee created successfully
Employee leave applied successfully
---Logout the Application---
New employee created successfully
Employee name present in the list of employee names..
---Logout the Application---
Job position created successfully
Created job position is present in list of job position viewed successfully..
---Logout the Application---
---Close the Brower---
---Close DB,Report Backup---]]>
  </system-out>
</testsuite> <!-- systemTest.HrmSystemTest -->
