<?xml version="1.0" encoding="UTF-8"?>
<testng-results ignored="0" total="3" passed="3" failed="0" skipped="0">
  <reporter-output>
    <line>
      <![CDATA[---Connect to DB,Report config---]]>
    </line>
    <line>
      <![CDATA[Create New Job Position page is displayed successfully]]>
    </line>
    <line>
      <![CDATA[---Logout the Application---]]>
    </line>
    <line>
      <![CDATA[Create New employee page is displayed successfully]]>
    </line>
    <line>
      <![CDATA[---Logout the Application---]]>
    </line>
    <line>
      <![CDATA[Create New leave request page is displayed successfully]]>
    </line>
    <line>
      <![CDATA[---Logout the Application---]]>
    </line>
    <line>
      <![CDATA[---Close the Brower---]]>
    </line>
    <line>
      <![CDATA[---Close DB,Report Backup---]]>
    </line>
  </reporter-output>
  <suite started-at="2025-12-06T21:49:04 IST" name="Default suite" finished-at="2025-12-06T21:51:16 IST" duration-ms="132776">
    <groups>
      <group name="SmokeTest">
        <method signature="HrmSmokeTest.CreateJobPositionTest()[pri:0, instance:smokeTest.HrmSmokeTest@14dd9eb7]" name="CreateJobPositionTest" class="smokeTest.HrmSmokeTest"/>
        <method signature="HrmSmokeTest.createEmployeeTest()[pri:0, instance:smokeTest.HrmSmokeTest@14dd9eb7]" name="createEmployeeTest" class="smokeTest.HrmSmokeTest"/>
        <method signature="HrmSmokeTest.leaveRequestTest()[pri:0, instance:smokeTest.HrmSmokeTest@14dd9eb7]" name="leaveRequestTest" class="smokeTest.HrmSmokeTest"/>
      </group> <!-- SmokeTest -->
    </groups>
    <test started-at="2025-12-06T21:49:04 IST" name="Default test" finished-at="2025-12-06T21:51:16 IST" duration-ms="132776">
      <class name="smokeTest.HrmSmokeTest">
        <test-method is-config="true" signature="configBS()[pri:0, instance:smokeTest.HrmSmokeTest@14dd9eb7]" started-at="2025-12-06T21:49:03 IST" name="configBS" finished-at="2025-12-06T21:49:04 IST" duration-ms="24" status="PASS">
          <reporter-output>
            <line>
              <![CDATA[---Connect to DB,Report config---]]>
            </line>
          </reporter-output>
        </test-method> <!-- configBS -->
        <test-method is-config="true" signature="configBC()[pri:0, instance:smokeTest.HrmSmokeTest@14dd9eb7]" started-at="2025-12-06T21:49:04 IST" name="configBC" finished-at="2025-12-06T21:49:08 IST" duration-ms="4400" status="PASS">
          <reporter-output>
          </reporter-output>
        </test-method> <!-- configBC -->
        <test-method is-config="true" signature="configBM()[pri:0, instance:smokeTest.HrmSmokeTest@14dd9eb7]" started-at="2025-12-06T21:49:08 IST" name="configBM" finished-at="2025-12-06T21:50:49 IST" duration-ms="101447" status="PASS">
          <reporter-output>
          </reporter-output>
        </test-method> <!-- configBM -->
        <test-method signature="CreateJobPositionTest()[pri:0, instance:smokeTest.HrmSmokeTest@14dd9eb7]" started-at="2025-12-06T21:50:49 IST" name="CreateJobPositionTest" finished-at="2025-12-06T21:50:53 IST" duration-ms="3836" status="PASS">
          <reporter-output>
            <line>
              <![CDATA[Create New Job Position page is displayed successfully]]>
            </line>
          </reporter-output>
        </test-method> <!-- CreateJobPositionTest -->
        <test-method is-config="true" signature="configAM()[pri:0, instance:smokeTest.HrmSmokeTest@14dd9eb7]" started-at="2025-12-06T21:50:53 IST" name="configAM" finished-at="2025-12-06T21:51:01 IST" duration-ms="7926" status="PASS">
          <reporter-output>
            <line>
              <![CDATA[---Logout the Application---]]>
            </line>
          </reporter-output>
        </test-method> <!-- configAM -->
        <test-method is-config="true" signature="configBM()[pri:0, instance:smokeTest.HrmSmokeTest@14dd9eb7]" started-at="2025-12-06T21:51:01 IST" name="configBM" finished-at="2025-12-06T21:51:03 IST" duration-ms="1881" status="PASS">
          <reporter-output>
          </reporter-output>
        </test-method> <!-- configBM -->
        <test-method signature="createEmployeeTest()[pri:0, instance:smokeTest.HrmSmokeTest@14dd9eb7]" started-at="2025-12-06T21:51:03 IST" name="createEmployeeTest" finished-at="2025-12-06T21:51:08 IST" duration-ms="4997" status="PASS">
          <reporter-output>
            <line>
              <![CDATA[Create New employee page is displayed successfully]]>
            </line>
          </reporter-output>
        </test-method> <!-- createEmployeeTest -->
        <test-method is-config="true" signature="configAM()[pri:0, instance:smokeTest.HrmSmokeTest@14dd9eb7]" started-at="2025-12-06T21:51:08 IST" name="configAM" finished-at="2025-12-06T21:51:09 IST" duration-ms="1314" status="PASS">
          <reporter-output>
            <line>
              <![CDATA[---Logout the Application---]]>
            </line>
          </reporter-output>
        </test-method> <!-- configAM -->
        <test-method is-config="true" signature="configBM()[pri:0, instance:smokeTest.HrmSmokeTest@14dd9eb7]" started-at="2025-12-06T21:51:09 IST" name="configBM" finished-at="2025-12-06T21:51:10 IST" duration-ms="994" status="PASS">
          <reporter-output>
          </reporter-output>
        </test-method> <!-- configBM -->
        <test-method signature="leaveRequestTest()[pri:0, instance:smokeTest.HrmSmokeTest@14dd9eb7]" started-at="2025-12-06T21:51:10 IST" name="leaveRequestTest" finished-at="2025-12-06T21:51:14 IST" duration-ms="3452" status="PASS">
          <reporter-output>
            <line>
              <![CDATA[Create New leave request page is displayed successfully]]>
            </line>
          </reporter-output>
        </test-method> <!-- leaveRequestTest -->
        <test-method is-config="true" signature="configAM()[pri:0, instance:smokeTest.HrmSmokeTest@14dd9eb7]" started-at="2025-12-06T21:51:14 IST" name="configAM" finished-at="2025-12-06T21:51:16 IST" duration-ms="1894" status="PASS">
          <reporter-output>
            <line>
              <![CDATA[---Logout the Application---]]>
            </line>
          </reporter-output>
        </test-method> <!-- configAM -->
        <test-method is-config="true" signature="configAC()[pri:0, instance:smokeTest.HrmSmokeTest@14dd9eb7]" started-at="2025-12-06T21:51:16 IST" name="configAC" finished-at="2025-12-06T21:51:16 IST" duration-ms="535" status="PASS">
          <reporter-output>
            <line>
              <![CDATA[---Close the Brower---]]>
            </line>
          </reporter-output>
        </test-method> <!-- configAC -->
        <test-method is-config="true" signature="configAS()[pri:0, instance:smokeTest.HrmSmokeTest@14dd9eb7]" started-at="2025-12-06T21:51:16 IST" name="configAS" finished-at="2025-12-06T21:51:16 IST" duration-ms="1" status="PASS">
          <reporter-output>
            <line>
              <![CDATA[---Close DB,Report Backup---]]>
            </line>
          </reporter-output>
        </test-method> <!-- configAS -->
      </class> <!-- smokeTest.HrmSmokeTest -->
    </test> <!-- Default test -->
  </suite> <!-- Default suite -->
</testng-results>
