<?xml version="1.0" encoding="UTF-8"?>
<testng-results ignored="0" total="3" passed="3" failed="0" skipped="0">
  <reporter-output>
    <line>
      <![CDATA[---Connect to DB,Report config---]]>
    </line>
    <line>
      <![CDATA[Expense Report Submitted Successfully]]>
    </line>
    <line>
      <![CDATA[Expense has Approved and Paid]]>
    </line>
    <line>
      <![CDATA[---Logout the Application---]]>
    </line>
    <line>
      <![CDATA[Employee leave applied successfully]]>
    </line>
    <line>
      <![CDATA[Approved leave message present in employee list]]>
    </line>
    <line>
      <![CDATA[---Logout the Application---]]>
    </line>
    <line>
      <![CDATA[New employee created successfully]]>
    </line>
    <line>
      <![CDATA[Employee name present in the list of employee names..]]>
    </line>
    <line>
      <![CDATA[Employee Record deleted successfully]]>
    </line>
    <line>
      <![CDATA[---Logout the Application---]]>
    </line>
    <line>
      <![CDATA[---Close the Brower---]]>
    </line>
    <line>
      <![CDATA[---Close DB,Report Backup---]]>
    </line>
  </reporter-output>
  <suite started-at="2025-12-07T22:02:16 IST" name="Default suite" finished-at="2025-12-07T22:03:40 IST" duration-ms="84087">
    <groups>
      <group name="RegressionTest">
        <method signature="HrmSystemTest.approveExpenceTest()[pri:0, instance:systemTest.HrmSystemTest@62150f9e]" name="approveExpenceTest" class="systemTest.HrmSystemTest"/>
        <method signature="HrmSystemTest.approveLeave()[pri:0, instance:systemTest.HrmSystemTest@62150f9e]" name="approveLeave" class="systemTest.HrmSystemTest"/>
        <method signature="HrmSystemTest.deleteEmployee()[pri:0, instance:systemTest.HrmSystemTest@62150f9e]" name="deleteEmployee" class="systemTest.HrmSystemTest"/>
      </group> <!-- RegressionTest -->
    </groups>
    <test started-at="2025-12-07T22:02:16 IST" name="Default test" finished-at="2025-12-07T22:03:40 IST" duration-ms="84087">
      <class name="systemTest.HrmSystemTest">
        <test-method is-config="true" signature="configBS()[pri:0, instance:systemTest.HrmSystemTest@62150f9e]" started-at="2025-12-07T22:02:16 IST" name="configBS" finished-at="2025-12-07T22:02:16 IST" duration-ms="21" status="PASS">
          <reporter-output>
            <line>
              <![CDATA[---Connect to DB,Report config---]]>
            </line>
          </reporter-output>
        </test-method> <!-- configBS -->
        <test-method is-config="true" signature="configBC()[pri:0, instance:systemTest.HrmSystemTest@62150f9e]" started-at="2025-12-07T22:02:16 IST" name="configBC" finished-at="2025-12-07T22:02:20 IST" duration-ms="3351" status="PASS">
          <reporter-output>
          </reporter-output>
        </test-method> <!-- configBC -->
        <test-method is-config="true" signature="configBM()[pri:0, instance:systemTest.HrmSystemTest@62150f9e]" started-at="2025-12-07T22:02:20 IST" name="configBM" finished-at="2025-12-07T22:02:43 IST" duration-ms="22753" status="PASS">
          <reporter-output>
          </reporter-output>
        </test-method> <!-- configBM -->
        <test-method signature="approveExpenceTest()[pri:0, instance:systemTest.HrmSystemTest@62150f9e]" started-at="2025-12-07T22:02:43 IST" name="approveExpenceTest" finished-at="2025-12-07T22:03:00 IST" duration-ms="17834" status="PASS">
          <reporter-output>
            <line>
              <![CDATA[Expense Report Submitted Successfully]]>
            </line>
            <line>
              <![CDATA[Expense has Approved and Paid]]>
            </line>
          </reporter-output>
        </test-method> <!-- approveExpenceTest -->
        <test-method is-config="true" signature="configAM()[pri:0, instance:systemTest.HrmSystemTest@62150f9e]" started-at="2025-12-07T22:03:00 IST" name="configAM" finished-at="2025-12-07T22:03:02 IST" duration-ms="1803" status="PASS">
          <reporter-output>
            <line>
              <![CDATA[---Logout the Application---]]>
            </line>
          </reporter-output>
        </test-method> <!-- configAM -->
        <test-method is-config="true" signature="configBM()[pri:0, instance:systemTest.HrmSystemTest@62150f9e]" started-at="2025-12-07T22:03:02 IST" name="configBM" finished-at="2025-12-07T22:03:04 IST" duration-ms="1389" status="PASS">
          <reporter-output>
          </reporter-output>
        </test-method> <!-- configBM -->
        <test-method signature="approveLeave()[pri:0, instance:systemTest.HrmSystemTest@62150f9e]" started-at="2025-12-07T22:03:04 IST" name="approveLeave" finished-at="2025-12-07T22:03:24 IST" duration-ms="20109" status="PASS">
          <reporter-output>
            <line>
              <![CDATA[Employee leave applied successfully]]>
            </line>
            <line>
              <![CDATA[Approved leave message present in employee list]]>
            </line>
          </reporter-output>
        </test-method> <!-- approveLeave -->
        <test-method is-config="true" signature="configAM()[pri:0, instance:systemTest.HrmSystemTest@62150f9e]" started-at="2025-12-07T22:03:24 IST" name="configAM" finished-at="2025-12-07T22:03:25 IST" duration-ms="1092" status="PASS">
          <reporter-output>
            <line>
              <![CDATA[---Logout the Application---]]>
            </line>
          </reporter-output>
        </test-method> <!-- configAM -->
        <test-method is-config="true" signature="configBM()[pri:0, instance:systemTest.HrmSystemTest@62150f9e]" started-at="2025-12-07T22:03:25 IST" name="configBM" finished-at="2025-12-07T22:03:26 IST" duration-ms="1209" status="PASS">
          <reporter-output>
          </reporter-output>
        </test-method> <!-- configBM -->
        <test-method signature="deleteEmployee()[pri:0, instance:systemTest.HrmSystemTest@62150f9e]" started-at="2025-12-07T22:03:26 IST" name="deleteEmployee" finished-at="2025-12-07T22:03:38 IST" duration-ms="12166" status="PASS">
          <reporter-output>
            <line>
              <![CDATA[New employee created successfully]]>
            </line>
            <line>
              <![CDATA[Employee name present in the list of employee names..]]>
            </line>
            <line>
              <![CDATA[Employee Record deleted successfully]]>
            </line>
          </reporter-output>
        </test-method> <!-- deleteEmployee -->
        <test-method is-config="true" signature="configAM()[pri:0, instance:systemTest.HrmSystemTest@62150f9e]" started-at="2025-12-07T22:03:38 IST" name="configAM" finished-at="2025-12-07T22:03:40 IST" duration-ms="1791" status="PASS">
          <reporter-output>
            <line>
              <![CDATA[---Logout the Application---]]>
            </line>
          </reporter-output>
        </test-method> <!-- configAM -->
        <test-method is-config="true" signature="configAC()[pri:0, instance:systemTest.HrmSystemTest@62150f9e]" started-at="2025-12-07T22:03:40 IST" name="configAC" finished-at="2025-12-07T22:03:40 IST" duration-ms="481" status="PASS">
          <reporter-output>
            <line>
              <![CDATA[---Close the Brower---]]>
            </line>
          </reporter-output>
        </test-method> <!-- configAC -->
        <test-method is-config="true" signature="configAS()[pri:0, instance:systemTest.HrmSystemTest@62150f9e]" started-at="2025-12-07T22:03:40 IST" name="configAS" finished-at="2025-12-07T22:03:40 IST" duration-ms="0" status="PASS">
          <reporter-output>
            <line>
              <![CDATA[---Close DB,Report Backup---]]>
            </line>
          </reporter-output>
        </test-method> <!-- configAS -->
      </class> <!-- systemTest.HrmSystemTest -->
    </test> <!-- Default test -->
  </suite> <!-- Default suite -->
</testng-results>
