<?xml version="1.0" encoding="UTF-8"?>
<!-- Generated by org.testng.reporters.JUnitXMLReporter -->
<testsuite ignored="0" hostname="SANDHIYA" failures="0" tests="3" name="Default test" time="132.776" errors="0" timestamp="2025-12-06T21:51:16 IST">
  <testcase classname="smokeTest.HrmSmokeTest" name="CreateJobPositionTest" time="3.836"/>
  <testcase classname="smokeTest.HrmSmokeTest" name="createEmployeeTest" time="4.997"/>
  <testcase classname="smokeTest.HrmSmokeTest" name="leaveRequestTest" time="3.452"/>
</testsuite> <!-- Default test -->
