<?xml version="1.0" encoding="UTF-8"?>
<!-- Generated by org.testng.reporters.JUnitXMLReporter -->
<testsuite ignored="0" hostname="SANDHIYA" failures="0" tests="3" name="Default test" time="41.314" errors="0" timestamp="2025-12-05T17:45:31 IST">
  <testcase classname="systemTest.HrmSystemTest" name="approveExpenceTest" time="8.976"/>
  <testcase classname="systemTest.HrmSystemTest" name="approveLeave" time="8.894"/>
  <testcase classname="systemTest.HrmSystemTest" name="deleteEmployee" time="10.173"/>
</testsuite> <!-- Default test -->
