<?xml version="1.0" encoding="UTF-8"?>
<!-- Generated by org.testng.reporters.JUnitXMLReporter -->
<testsuite ignored="2" hostname="SANDHIYA" failures="0" tests="6" name="Test1" time="59.184" errors="0" timestamp="2025-12-05T17:58:54 IST">
  <testcase classname="smokeTest.HrmSmokeTest" name="CreateJobPositionTest" time="2.174"/>
  <testcase classname="smokeTest.HrmSmokeTest" name="createEmployeeTest" time="3.065"/>
  <testcase classname="smokeTest.HrmSmokeTest" name="leaveRequestTest" time="1.463"/>
  <testcase classname="integrationTest.HrmIntegrationTest" name="employeeApplyLeave" time="13.142"/>
  <testcase classname="integrationTest.HrmIntegrationTest" name="listOfEmployee" time="4.733"/>
  <testcase classname="integrationTest.HrmIntegrationTest" name="listOfJobPosition" time="3.669"/>
  <testcase classname="inno.hrm.basetest.BaseClass1" name="@AfterSuite configAS" time="0.0">
    <ignored/>
  </testcase> <!-- @AfterSuite configAS -->
  <testcase classname="inno.hrm.basetest.BaseClass1" name="@BeforeSuite configBS" time="0.0">
    <ignored/>
  </testcase> <!-- @BeforeSuite configBS -->
</testsuite> <!-- Test1 -->
