<?xml version="1.0" encoding="UTF-8"?>
<!-- Generated by org.testng.reporters.JUnitXMLReporter -->
<testsuite ignored="4" hostname="SANDHIYA" failures="0" tests="9" name="Test" time="82.774" errors="0" timestamp="2025-12-05T18:18:01 IST">
  <testcase classname="smokeTest.HrmSmokeTest" name="CreateJobPositionTest" time="2.306"/>
  <testcase classname="smokeTest.HrmSmokeTest" name="createEmployeeTest" time="1.624"/>
  <testcase classname="smokeTest.HrmSmokeTest" name="leaveRequestTest" time="1.059"/>
  <testcase classname="systemTest.HrmSystemTest" name="approveExpenceTest" time="9.53"/>
  <testcase classname="systemTest.HrmSystemTest" name="approveLeave" time="9.078"/>
  <testcase classname="systemTest.HrmSystemTest" name="deleteEmployee" time="9.478"/>
  <testcase classname="integrationTest.HrmIntegrationTest" name="employeeApplyLeave" time="10.128"/>
  <testcase classname="integrationTest.HrmIntegrationTest" name="listOfEmployee" time="3.748"/>
  <testcase classname="integrationTest.HrmIntegrationTest" name="listOfJobPosition" time="3.629"/>
  <testcase classname="inno.hrm.basetest.BaseClass1" name="@BeforeSuite configBS" time="0.0">
    <ignored/>
  </testcase> <!-- @BeforeSuite configBS -->
  <testcase classname="inno.hrm.basetest.BaseClass1" name="@AfterSuite configAS" time="0.0">
    <ignored/>
  </testcase> <!-- @AfterSuite configAS -->
  <testcase classname="inno.hrm.basetest.BaseClass1" name="@AfterSuite configAS" time="0.0">
    <ignored/>
  </testcase> <!-- @AfterSuite configAS -->
  <testcase classname="inno.hrm.basetest.BaseClass1" name="@BeforeSuite configBS" time="0.0">
    <ignored/>
  </testcase> <!-- @BeforeSuite configBS -->
</testsuite> <!-- Test -->
