<?xml version="1.0" encoding="UTF-8"?>
<!-- Generated by org.testng.reporters.JUnitXMLReporter -->
<testsuite ignored="0" hostname="SANDHIYA" failures="0" tests="3" name="Test2" time="55.338" errors="0" timestamp="2025-12-05T17:58:51 IST">
  <testcase classname="systemTest.HrmSystemTest" name="approveExpenceTest" time="11.978"/>
  <testcase classname="systemTest.HrmSystemTest" name="approveLeave" time="12.444"/>
  <testcase classname="systemTest.HrmSystemTest" name="deleteEmployee" time="13.601"/>
</testsuite> <!-- Test2 -->
